<?xml version="1.0" encoding="UTF-8"?>
<!-- Generated by org.testng.reporters.JUnitReportReporter -->
<testsuite name="tests.basicTests.IndependentTest" tests="1" time="0.493" ignored="2" failures="0" timestamp="15 Jun 2018 13:15:31 GMT" skipped="0" hostname="EPBYMINW5353" errors="0">
  <testcase name="pageTest" time="0.493" classname="tests.basicTests.IndependentTest"/>
  <testcase name="searchTest" classname="tests.basicTests.IndependentTest">
    <skipped/>
  </testcase> <!-- searchTest -->
  <testcase name="refreshTest" classname="tests.basicTests.IndependentTest">
    <skipped/>
  </testcase> <!-- refreshTest -->
</testsuite> <!-- tests.basicTests.IndependentTest -->
